
Wed 13 Mar 2024 08:34:19 PM UTC: 
 exercises.c | 17 +++++++++++++++++
 1 file changed, 17 insertions(+)
In file included from test.c:1:
exercises.c:13:13: error: ‘arr’ undeclared here (not in a function)
   13 |   int max = arr[0];
      |             ^~~
exercises.c:14:5: error: expected identifier or ‘(’ before ‘for’
   14 |     for (int i = 1; i < size; i++) {
      |     ^~~
exercises.c:14:23: error: expected ‘=’, ‘,’, ‘;’, ‘asm’ or ‘__attribute__’ before ‘<’ token
   14 |     for (int i = 1; i < size; i++) {
      |                       ^
exercises.c:14:32: error: expected ‘=’, ‘,’, ‘;’, ‘asm’ or ‘__attribute__’ before ‘++’ token
   14 |     for (int i = 1; i < size; i++) {
      |                                ^~
exercises.c:19:5: error: expected identifier or ‘(’ before ‘return’
   19 |     return max;
      |     ^~~~~~
exercises.c:20:1: error: expected identifier or ‘(’ before ‘}’ token
   20 | }
      | ^
test.c:382:5: error: redefinition of ‘main’
  382 | int main(int argc, char *argv[]) {
      |     ^~~~
In file included from test.c:1:
exercises.c:22:5: note: previous definition of ‘main’ with type ‘int()’
   22 | int main() {
      |     ^~~~
Compilation failed
499f627
Wed 13 Mar 2024 08:42:21 PM UTC: 
In file included from test.c:1:
exercises.c:13:13: error: ‘arr’ undeclared here (not in a function)
   13 |   int max = arr[0];
      |             ^~~
exercises.c:14:7: error: expected identifier or ‘(’ before ‘for’
   14 |       for (int i = 1; i < size; i++) {
      |       ^~~
exercises.c:14:25: error: expected ‘=’, ‘,’, ‘;’, ‘asm’ or ‘__attribute__’ before ‘<’ token
   14 |       for (int i = 1; i < size; i++) {
      |                         ^
exercises.c:14:34: error: expected ‘=’, ‘,’, ‘;’, ‘asm’ or ‘__attribute__’ before ‘++’ token
   14 |       for (int i = 1; i < size; i++) {
      |                                  ^~
exercises.c:19:7: error: expected identifier or ‘(’ before ‘return’
   19 |       return max;
      |       ^~~~~~
exercises.c:20:3: error: expected identifier or ‘(’ before ‘}’ token
   20 |   }
      |   ^
test.c:382:5: error: redefinition of ‘main’
  382 | int main(int argc, char *argv[]) {
      |     ^~~~
In file included from test.c:1:
exercises.c:22:7: note: previous definition of ‘main’ with type ‘int()’
   22 |   int main() {
      |       ^~~~
Compilation failed
1180dd2
Wed 13 Mar 2024 08:57:01 PM UTC: 
 exercises.c | 18 +++++++++++-------
 1 file changed, 11 insertions(+), 7 deletions(-)
test.c:382:5: error: redefinition of ‘main’
  382 | int main(int argc, char *argv[]) {
      |     ^~~~
In file included from test.c:1:
exercises.c:25:5: note: previous definition of ‘main’ with type ‘int()’
   25 | int main ()
      |     ^~~~
Compilation failed
201c1f4
Wed 13 Mar 2024 08:57:18 PM UTC: 
test.c:382:5: error: redefinition of ‘main’
  382 | int main(int argc, char *argv[]) {
      |     ^~~~
In file included from test.c:1:
exercises.c:25:5: note: previous definition of ‘main’ with type ‘int()’
   25 | int main()
      |     ^~~~
Compilation failed
7dfbf4c
Wed 13 Mar 2024 09:00:21 PM UTC: 
test.c:382:5: error: redefinition of ‘main’
  382 | int main(int argc, char *argv[]) {
      |     ^~~~
In file included from test.c:1:
exercises.c:24:5: note: previous definition of ‘main’ with type ‘int()’
   24 | int main()
      |     ^~~~
Compilation failed
2c8a868
Wed 13 Mar 2024 09:00:37 PM UTC: 
test.c:382:5: error: redefinition of ‘main’
  382 | int main(int argc, char *argv[]) {
      |     ^~~~
In file included from test.c:1:
exercises.c:24:7: note: previous definition of ‘main’ with type ‘int()’
   24 |   int main()
      |       ^~~~
Compilation failed
098e533
Wed 13 Mar 2024 09:01:20 PM UTC: 
 exercises.c | 36 +++++++++++++++++++++++++++++++++++-
 1 file changed, 35 insertions(+), 1 deletion(-)
In file included from test.c:1:
exercises.c:55:5: error: redefinition of ‘main’
   55 | int main() {
      |     ^~~~
exercises.c:24:5: note: previous definition of ‘main’ with type ‘int()’
   24 | int main()
      |     ^~~~
test.c:382:5: error: redefinition of ‘main’
  382 | int main(int argc, char *argv[]) {
      |     ^~~~
In file included from test.c:1:
exercises.c:24:5: note: previous definition of ‘main’ with type ‘int()’
   24 | int main()
      |     ^~~~
Compilation failed
315da08
Wed 13 Mar 2024 09:02:05 PM UTC: 
 exercises.c | 12 +++---------
 1 file changed, 3 insertions(+), 9 deletions(-)
test.c:382:5: error: redefinition of ‘main’
  382 | int main(int argc, char *argv[]) {
      |     ^~~~
In file included from test.c:1:
exercises.c:48:5: note: previous definition of ‘main’ with type ‘int()’
   48 | int main()
      |     ^~~~
Compilation failed
3c6a867
Wed 13 Mar 2024 09:02:13 PM UTC: 
 exercises.c | 18 ------------------
 1 file changed, 18 deletions(-)
 tests:  0|5
total_score: 20/70
6146b96
Wed 13 Mar 2024 09:02:32 PM UTC: 
 exercises.c | 15 ---------------
 1 file changed, 15 deletions(-)
test.c: In function ‘test_reverseArray’:
test.c:125:5: error: implicit declaration of function ‘reverseArray’; did you mean ‘test_reverseArray’? [-Werror=implicit-function-declaration]
  125 |     reverseArray(arr, size);
      |     ^~~~~~~~~~~~
      |     test_reverseArray
cc1: all warnings being treated as errors
Compilation failed
4303e1d
Wed 13 Mar 2024 09:02:52 PM UTC: 
 exercises.c | 2 +-
 1 file changed, 1 insertion(+), 1 deletion(-)
In file included from test.c:1:
exercises.c: In function ‘reverseArray’:
exercises.c:41:59: error: expected ‘=’, ‘,’, ‘;’, ‘asm’ or ‘__attribute__’ before ‘{’ token
   41 | int *filterEvenNumbers(int arr[], int size, int *newSize) { return NULL; }
      |                                                           ^
exercises.c:50:38: error: expected ‘=’, ‘,’, ‘;’, ‘asm’ or ‘__attribute__’ before ‘{’ token
   50 |                        int result[]) {}
      |                                      ^
exercises.c:58:38: error: expected ‘=’, ‘,’, ‘;’, ‘asm’ or ‘__attribute__’ before ‘{’ token
   58 | int checkSorted(int arr[], int size) { return -2; }
      |                                      ^
exercises.c:71:3: error: storage class specified for parameter ‘Autor’
   71 | } Autor;
      |   ^~~~~
exercises.c:75:3: error: expected specifier-qualifier-list before ‘Autor’
   75 |   Autor autor;
      |   ^~~~~
exercises.c:77:3: error: storage class specified for parameter ‘Libro’
   77 | } Libro;
      |   ^~~~~
exercises.c:79:23: error: expected declaration specifiers or ‘...’ before ‘Libro’
   79 | void inicializarLibro(Libro *libro, const char *titulo, const char *nombreAutor,
      |                       ^~~~~
exercises.c:96:3: error: storage class specified for parameter ‘Nodo’
   96 | } Nodo;
      |   ^~~~
exercises.c:98:1: error: expected declaration specifiers before ‘Nodo’
   98 | Nodo *crearListaEnlazada(int arr[], int size) { return NULL; }
      | ^~~~
In file included from test.c:5:
/nix/store/4pqv2mwdn88h7xvsm7a5zplrd8sxzvw0-glibc-2.35-163-dev/include/time.h:72:16: error: storage class specified for parameter ‘clock’
   72 | extern clock_t clock (void) __THROW;
      |                ^~~~~
/nix/store/4pqv2mwdn88h7xvsm7a5zplrd8sxzvw0-glibc-2.35-163-dev/include/time.h:76:15: error: storage class specified for parameter ‘time’
   76 | extern time_t time (time_t *__timer) __THROW;
      |               ^~~~
/nix/store/4pqv2mwdn88h7xvsm7a5zplrd8sxzvw0-glibc-2.35-163-dev/include/time.h:79:15: error: storage class specified for parameter ‘difftime’
   79 | extern double difftime (time_t __time1, time_t __time0)
      |               ^~~~~~~~
/nix/store/4pqv2mwdn88h7xvsm7a5zplrd8sxzvw0-glibc-2.35-163-dev/include/time.h:83:15: error: storage class specified for parameter ‘mktime’
   83 | extern time_t mktime (struct tm *__tp) __THROW;
      |               ^~~~~~
/nix/store/4pqv2mwdn88h7xvsm7a5zplrd8sxzvw0-glibc-2.35-163-dev/include/time.h:100:15: error: storage class specified for parameter ‘strftime’
  100 | extern size_t strftime (char *__restrict __s, size_t __maxsize,
      |               ^~~~~~~~
/nix/store/4pqv2mwdn88h7xvsm7a5zplrd8sxzvw0-glibc-2.35-163-dev/include/time.h:116:15: error: storage class specified for parameter ‘strftime_l’
  116 | extern size_t strftime_l (char *__restrict __s, size_t __maxsize,
      |               ^~~~~~~~~~
/nix/store/4pqv2mwdn88h7xvsm7a5zplrd8sxzvw0-glibc-2.35-163-dev/include/time.h:132:19: error: storage class specified for parameter ‘gmtime’
  132 | extern struct tm *gmtime (const time_t *__timer) __THROW;
      |                   ^~~~~~
/nix/store/4pqv2mwdn88h7xvsm7a5zplrd8sxzvw0-glibc-2.35-163-dev/include/time.h:136:19: error: storage class specified for parameter ‘localtime’
  136 | extern struct tm *localtime (const time_t *__timer) __THROW;
      |                   ^~~~~~~~~
/nix/store/4pqv2mwdn88h7xvsm7a5zplrd8sxzvw0-glibc-2.35-163-dev/include/time.h:154:19: error: storage class specified for parameter ‘gmtime_r’
  154 | extern struct tm *gmtime_r (const time_t *__restrict __timer,
      |                   ^~~~~~~~
/nix/store/4pqv2mwdn88h7xvsm7a5zplrd8sxzvw0-glibc-2.35-163-dev/include/time.h:159:19: error: storage class specified for parameter ‘localtime_r’
  159 | extern struct tm *localtime_r (const time_t *__restrict __timer,
      |                   ^~~~~~~~~~~
/nix/store/4pqv2mwdn88h7xvsm7a5zplrd8sxzvw0-glibc-2.35-163-dev/include/time.h:179:14: error: storage class specified for parameter ‘asctime’
  179 | extern char *asctime (const struct tm *__tp) __THROW;
      |              ^~~~~~~
/nix/store/4pqv2mwdn88h7xvsm7a5zplrd8sxzvw0-glibc-2.35-163-dev/include/time.h:183:14: error: storage class specified for parameter ‘ctime’
  183 | extern char *ctime (const time_t *__timer) __THROW;
      |              ^~~~~
/nix/store/4pqv2mwdn88h7xvsm7a5zplrd8sxzvw0-glibc-2.35-163-dev/include/time.h:197:14: error: storage class specified for parameter ‘asctime_r’
  197 | extern char *asctime_r (const struct tm *__restrict __tp,
      |              ^~~~~~~~~
/nix/store/4pqv2mwdn88h7xvsm7a5zplrd8sxzvw0-glibc-2.35-163-dev/include/time.h:202:14: error: storage class specified for parameter ‘ctime_r’
  202 | extern char *ctime_r (const time_t *__restrict __timer,
      |              ^~~~~~~
/nix/store/4pqv2mwdn88h7xvsm7a5zplrd8sxzvw0-glibc-2.35-163-dev/include/time.h:217:14: error: storage class specified for parameter ‘__tzname’
  217 | extern char *__tzname[2];       /* Current timezone names.  */
      |              ^~~~~~~~
/nix/store/4pqv2mwdn88h7xvsm7a5zplrd8sxzvw0-glibc-2.35-163-dev/include/time.h:218:12: error: storage class specified for parameter ‘__daylight’
  218 | extern int __daylight;          /* If daylight-saving time is ever in use.  */
      |            ^~~~~~~~~~
/nix/store/4pqv2mwdn88h7xvsm7a5zplrd8sxzvw0-glibc-2.35-163-dev/include/time.h:219:17: error: storage class specified for parameter ‘__timezone’
  219 | extern long int __timezone;     /* Seconds west of UTC.  */
      |                 ^~~~~~~~~~
/nix/store/4pqv2mwdn88h7xvsm7a5zplrd8sxzvw0-glibc-2.35-163-dev/include/time.h:224:14: error: storage class specified for parameter ‘tzname’
  224 | extern char *tzname[2];
      |              ^~~~~~
/nix/store/4pqv2mwdn88h7xvsm7a5zplrd8sxzvw0-glibc-2.35-163-dev/include/time.h:228:13: error: storage class specified for parameter ‘tzset’
  228 | extern void tzset (void) __THROW;
      |             ^~~~~
/nix/store/4pqv2mwdn88h7xvsm7a5zplrd8sxzvw0-glibc-2.35-163-dev/include/time.h:232:12: error: storage class specified for parameter ‘daylight’
  232 | extern int daylight;
      |            ^~~~~~~~
/nix/store/4pqv2mwdn88h7xvsm7a5zplrd8sxzvw0-glibc-2.35-163-dev/include/time.h:233:17: error: storage class specified for parameter ‘timezone’
  233 | extern long int timezone;
      |                 ^~~~~~~~
/nix/store/4pqv2mwdn88h7xvsm7a5zplrd8sxzvw0-glibc-2.35-163-dev/include/time.h:249:15: error: storage class specified for parameter ‘timegm’
  249 | extern time_t timegm (struct tm *__tp) __THROW;
      |               ^~~~~~
/nix/store/4pqv2mwdn88h7xvsm7a5zplrd8sxzvw0-glibc-2.35-163-dev/include/time.h:251:15: error: storage class specified for parameter ‘timelocal’
  251 | extern time_t timelocal (struct tm *__tp) __THROW;
      |               ^~~~~~~~~
/nix/store/4pqv2mwdn88h7xvsm7a5zplrd8sxzvw0-glibc-2.35-163-dev/include/time.h:262:12: error: storage class specified for parameter ‘dysize’
  262 | extern int dysize (int __year) __THROW  __attribute__ ((__const__));
      |            ^~~~~~
/nix/store/4pqv2mwdn88h7xvsm7a5zplrd8sxzvw0-glibc-2.35-163-dev/include/time.h:272:12: error: storage class specified for parameter ‘nanosleep’
  272 | extern int nanosleep (const struct timespec *__requested_time,
      |            ^~~~~~~~~
/nix/store/4pqv2mwdn88h7xvsm7a5zplrd8sxzvw0-glibc-2.35-163-dev/include/time.h:276:12: error: storage class specified for parameter ‘clock_getres’
  276 | extern int clock_getres (clockid_t __clock_id, struct timespec *__res) __THROW;
      |            ^~~~~~~~~~~~
/nix/store/4pqv2mwdn88h7xvsm7a5zplrd8sxzvw0-glibc-2.35-163-dev/include/time.h:279:12: error: storage class specified for parameter ‘clock_gettime’
  279 | extern int clock_gettime (clockid_t __clock_id, struct timespec *__tp) __THROW;
      |            ^~~~~~~~~~~~~
/nix/store/4pqv2mwdn88h7xvsm7a5zplrd8sxzvw0-glibc-2.35-163-dev/include/time.h:282:12: error: storage class specified for parameter ‘clock_settime’
  282 | extern int clock_settime (clockid_t __clock_id, const struct timespec *__tp)
      |            ^~~~~~~~~~~~~
/nix/store/4pqv2mwdn88h7xvsm7a5zplrd8sxzvw0-glibc-2.35-163-dev/include/time.h:311:12: error: storage class specified for parameter ‘clock_nanosleep’
  311 | extern int clock_nanosleep (clockid_t __clock_id, int __flags,
      |            ^~~~~~~~~~~~~~~
/nix/store/4pqv2mwdn88h7xvsm7a5zplrd8sxzvw0-glibc-2.35-163-dev/include/time.h:326:12: error: storage class specified for parameter ‘clock_getcpuclockid’
  326 | extern int clock_getcpuclockid (pid_t __pid, clockid_t *__clock_id) __THROW;
      |            ^~~~~~~~~~~~~~~~~~~
/nix/store/4pqv2mwdn88h7xvsm7a5zplrd8sxzvw0-glibc-2.35-163-dev/include/time.h:331:12: error: storage class specified for parameter ‘timer_create’
  331 | extern int timer_create (clockid_t __clock_id,
      |            ^~~~~~~~~~~~
/nix/store/4pqv2mwdn88h7xvsm7a5zplrd8sxzvw0-glibc-2.35-163-dev/include/time.h:336:12: error: storage class specified for parameter ‘timer_delete’
  336 | extern int timer_delete (timer_t __timerid) __THROW;
      |            ^~~~~~~~~~~~
/nix/store/4pqv2mwdn88h7xvsm7a5zplrd8sxzvw0-glibc-2.35-163-dev/include/time.h:340:12: error: storage class specified for parameter ‘timer_settime’
  340 | extern int timer_settime (timer_t __timerid, int __flags,
      |            ^~~~~~~~~~~~~
/nix/store/4pqv2mwdn88h7xvsm7a5zplrd8sxzvw0-glibc-2.35-163-dev/include/time.h:345:12: error: storage class specified for parameter ‘timer_gettime’
  345 | extern int timer_gettime (timer_t __timerid, struct itimerspec *__value)
      |            ^~~~~~~~~~~~~
/nix/store/4pqv2mwdn88h7xvsm7a5zplrd8sxzvw0-glibc-2.35-163-dev/include/time.h:364:12: error: storage class specified for parameter ‘timer_getoverrun’
  364 | extern int timer_getoverrun (timer_t __timerid) __THROW;
      |            ^~~~~~~~~~~~~~~~
/nix/store/4pqv2mwdn88h7xvsm7a5zplrd8sxzvw0-glibc-2.35-163-dev/include/time.h:371:12: error: storage class specified for parameter ‘timespec_get’
  371 | extern int timespec_get (struct timespec *__ts, int __base)
      |            ^~~~~~~~~~~~
test.c:8:1: error: parameter ‘test_id’ is initialized
    8 | int test_id = -1;
      | ^~~
test.c:11:77: error: expected ‘=’, ‘,’, ‘;’, ‘asm’ or ‘__attribute__’ before ‘{’ token
   11 | int test_suite(int (*test)(), char *msg, int max_score, int id, int req_id) {
      |                                                                             ^
test.c:29:39: error: expected ‘=’, ‘,’, ‘;’, ‘asm’ or ‘__attribute__’ before ‘{’ token
   29 | void print_array(int arr[], int size) {
      |                                       ^
test.c:37:24: error: expected declaration specifiers or ‘...’ before ‘Nodo’
   37 | void print_linked_list(Nodo* lista) {
      |                        ^~~~
test.c:47:41: error: expected ‘=’, ‘,’, ‘;’, ‘asm’ or ‘__attribute__’ before ‘{’ token
   47 | void readIntArray(int arr[], int *size) {
      |                                         ^
test.c:60:62: error: expected ‘=’, ‘,’, ‘;’, ‘asm’ or ‘__attribute__’ before ‘{’ token
   60 | void create_random_array(int arr[], int *size, int max_size) {
      |                                                              ^
test.c:69:85: error: expected ‘=’, ‘,’, ‘;’, ‘asm’ or ‘__attribute__’ before ‘{’ token
   69 | void create_random_sorted_array(int arr[], int *size, int max_size, int descending) {
      |                                                                                     ^
test.c:77:71: error: expected ‘=’, ‘,’, ‘;’, ‘asm’ or ‘__attribute__’ before ‘{’ token
   77 | void create_random_unsorted_array(int arr[], int *size, int max_size) {
      |                                                                       ^
test.c:86:20: error: expected ‘=’, ‘,’, ‘;’, ‘asm’ or ‘__attribute__’ before ‘{’ token
   86 | int test_findMax() {
      |                    ^
test.c:117:25: error: expected ‘=’, ‘,’, ‘;’, ‘asm’ or ‘__attribute__’ before ‘{’ token
  117 | int test_reverseArray() {
      |                         ^
test.c:144:30: error: expected ‘=’, ‘,’, ‘;’, ‘asm’ or ‘__attribute__’ before ‘{’ token
  144 | int test_filterEvenNumbers() {
      |                              ^
test.c:196:22: error: expected ‘=’, ‘,’, ‘;’, ‘asm’ or ‘__attribute__’ before ‘{’ token
  196 | int test_mergeSort() {
      |                      ^
test.c:250:24: error: expected ‘=’, ‘,’, ‘;’, ‘asm’ or ‘__attribute__’ before ‘{’ token
  250 | int test_checkSorted() {
      |                        ^
test.c:289:26: error: type defaults to ‘int’ in declaration of ‘Libro’ [-Werror=implicit-int]
  289 | void imprimirLibro(const Libro *libro) {
      |                          ^~~~~
test.c:289:32: error: expected ‘;’, ‘,’ or ‘)’ before ‘*’ token
  289 | void imprimirLibro(const Libro *libro) {
      |                                ^
test.c:295:23: error: expected ‘=’, ‘,’, ‘;’, ‘asm’ or ‘__attribute__’ before ‘{’ token
  295 | int test_biblioteca() {
      |                       ^
test.c:326:31: error: expected ‘=’, ‘,’, ‘;’, ‘asm’ or ‘__attribute__’ before ‘{’ token
  326 | int test_crearListaEnlazada() {
      |                               ^
test.c:382:34: error: expected ‘=’, ‘,’, ‘;’, ‘asm’ or ‘__attribute__’ before ‘{’ token
  382 | int main(int argc, char *argv[]) {
      |                                  ^
In file included from test.c:1:
exercises.c:31:6: error: old-style parameter declarations in prototyped function definition
   31 | void reverseArray(int arr[], int size)
      |      ^~~~~~~~~~~~
test.c:411: error: expected ‘{’ at end of input
cc1: all warnings being treated as errors
Compilation failed
8ab0a15
Wed 13 Mar 2024 09:03:01 PM UTC: 
 exercises.c | 2 +-
 1 file changed, 1 insertion(+), 1 deletion(-)
 tests:  0|6
total_score: 10/70
3f6876f
Wed 13 Mar 2024 09:04:22 PM UTC: 
 exercises.c | 18 +++++++++++++++++-
 1 file changed, 17 insertions(+), 1 deletion(-)
In file included from test.c:1:
exercises.c:47:1: error: expected identifier or ‘(’ before ‘}’ token
   47 | }
      | ^
Compilation failed
280718a
Wed 13 Mar 2024 09:04:32 PM UTC: 
 exercises.c | 1 -
 1 file changed, 1 deletion(-)
 tests:  0|5
total_score: 20/70
50d10cf
Wed 13 Mar 2024 09:18:05 PM UTC: 
 exercises.c | 14 +++++++++++++-
 1 file changed, 13 insertions(+), 1 deletion(-)
In file included from test.c:1:
exercises.c: In function ‘filterEvenNumbers’:
exercises.c:62:7: error: this ‘if’ clause does not guard... [-Werror=misleading-indentation]
   62 |       if (arr[i] % 2 == 0);
      |       ^~
exercises.c:63:7: note: ...this statement, but the latter is misleadingly indented as if it were guarded by the ‘if’
   63 |       {
      |       ^
exercises.c:64:9: error: ‘newarr’ undeclared (first use in this function); did you mean ‘newArr’?
   64 |         newarr [count]      }
      |         ^~~~~~
      |         newArr
exercises.c:64:9: note: each undeclared identifier is reported only once for each function it appears in
exercises.c:64:23: error: expected ‘;’ before ‘}’ token
   64 |         newarr [count]      }
      |                       ^     ~
      |                       ;
exercises.c:59:7: error: variable ‘count’ set but not used [-Werror=unused-but-set-variable]
   59 |   int count = 0 ;
      |       ^~~~~
exercises.c:58:8: error: unused variable ‘newArr’ [-Werror=unused-variable]
   58 |   int *newArr = (int *)malloc(size *sizeof(int));
      |        ^~~~~~
exercises.c: At top level:
exercises.c:68:3: error: expected identifier or ‘(’ before ‘{’ token
   68 | } { return NULL; }
      |   ^
exercises.c: In function ‘filterEvenNumbers’:
exercises.c:68:1: error: control reaches end of non-void function [-Werror=return-type]
   68 | } { return NULL; }
      | ^
cc1: all warnings being treated as errors
Compilation failed
78dde6f
Wed 13 Mar 2024 09:19:28 PM UTC: 
 exercises.c | 4 +++-
 1 file changed, 3 insertions(+), 1 deletion(-)
In file included from test.c:1:
exercises.c: In function ‘filterEvenNumbers’:
exercises.c:63:11: error: unused variable ‘newsize’ [-Werror=unused-variable]
   63 |       int newsize = count++;
      |           ^~~~~~~
test.c:382:5: error: ‘main’ is normally a non-static function [-Werror=main]
  382 | int main(int argc, char *argv[]) {
      |     ^~~~
test.c:410:1: error: expected declaration or statement at end of input
  410 | }
      | ^
test.c:7:6: error: unused variable ‘msg’ [-Werror=unused-variable]
    7 | char msg[300];
      |      ^~~
In file included from test.c:1:
exercises.c:58:8: error: unused variable ‘newArr’ [-Werror=unused-variable]
   58 |   int *newArr = (int *)malloc(size *sizeof(int));
      |        ^~~~~~
At top level:
test.c:382:5: error: ‘main’ defined but not used [-Werror=unused-function]
  382 | int main(int argc, char *argv[]) {
      |     ^~~~
test.c:47:6: error: ‘readIntArray’ defined but not used [-Werror=unused-function]
   47 | void readIntArray(int arr[], int *size) {
      |      ^~~~~~~~~~~~
cc1: all warnings being treated as errors
Compilation failed
81f3afd
Wed 13 Mar 2024 09:20:28 PM UTC: 
 exercises.c | 14 --------------
 1 file changed, 14 deletions(-)
test.c: In function ‘test_filterEvenNumbers’:
test.c:151:19: error: implicit declaration of function ‘filterEvenNumbers’; did you mean ‘test_filterEvenNumbers’? [-Werror=implicit-function-declaration]
  151 |     int *result = filterEvenNumbers(arr, size, &newSize);
      |                   ^~~~~~~~~~~~~~~~~
      |                   test_filterEvenNumbers
test.c:151:19: error: initialization of ‘int *’ from ‘int’ makes pointer from integer without a cast [-Werror=int-conversion]
cc1: all warnings being treated as errors
Compilation failed
71708ac
Wed 13 Mar 2024 09:21:29 PM UTC: 
 exercises.c | 15 +++++++++++++++
 1 file changed, 15 insertions(+)
 tests:  0|5
total_score: 20/70
406c253
Thu 14 Mar 2024 01:10:33 AM UTC: 
 exercises.c | 22 +++++++++++++++-------
 1 file changed, 15 insertions(+), 7 deletions(-)
 tests:  0|5
total_score: 20/70
6692b2d
Thu 14 Mar 2024 01:11:58 AM UTC: 
 exercises.c | 3 +--
 1 file changed, 1 insertion(+), 2 deletions(-)
 tests:  0|4
total_score: 30/70
fa1e8f7
Thu 14 Mar 2024 01:17:05 AM UTC: 
 exercises.c | 32 ++++++++++++++++++++++++++++++--
 1 file changed, 30 insertions(+), 2 deletions(-)
 tests:  0|3
total_score: 40/70
9fed77e
